<?xml version="1.0" encoding="UTF-8"?>
<!-- Generated by org.testng.reporters.JUnitReportReporter -->
<testsuite hostname="khadija" failures="0" tests="5" name="testng.Depends_Group_TestNG_Example" time="0.000" errors="0" timestamp="2023-06-15T14:55:52 IST" skipped="5">
  <testcase classname="testng.Depends_Group_TestNG_Example" name="DeleteMail" time="0.000">
    <skipped/>
  </testcase> <!-- DeleteMail -->
  <system-out/>
  <testcase classname="testng.Depends_Group_TestNG_Example" name="FeedBacckMail" time="0.000">
    <skipped/>
  </testcase> <!-- FeedBacckMail -->
  <system-out/>
  <testcase classname="testng.Depends_Group_TestNG_Example" name="ReadMail" time="0.000">
    <skipped/>
  </testcase> <!-- ReadMail -->
  <system-out/>
  <testcase classname="testng.Depends_Group_TestNG_Example" name="Login" time="0.000">
    <skipped/>
  </testcase> <!-- Login -->
  <system-out/>
  <testcase classname="testng.Depends_Group_TestNG_Example" name="ComposeMail" time="0.000">
    <skipped/>
  </testcase> <!-- ComposeMail -->
  <system-out/>
</testsuite> <!-- testng.Depends_Group_TestNG_Example -->
