<?xml version="1.0" encoding="UTF-8"?>
<!-- Generated by org.testng.reporters.JUnitReportReporter -->
<testsuite hostname="khadija" failures="0" tests="6" name="testng.Thread_Count_Example" time="0.000" errors="0" timestamp="2023-06-15T14:55:52 IST" skipped="6">
  <testcase classname="testng.Thread_Count_Example" name="Login_Test" time="0.000">
    <skipped/>
  </testcase> <!-- Login_Test -->
  <system-out/>
  <testcase classname="testng.Thread_Count_Example" name="Login_Test" time="0.000">
    <skipped/>
  </testcase> <!-- Login_Test -->
  <system-out/>
  <testcase classname="testng.Thread_Count_Example" name="Login_Test" time="0.000">
    <skipped/>
  </testcase> <!-- Login_Test -->
  <system-out/>
  <testcase classname="testng.Thread_Count_Example" name="Login_Test_Not_run" time="0.000">
    <skipped/>
  </testcase> <!-- Login_Test_Not_run -->
  <system-out/>
  <testcase classname="testng.Thread_Count_Example" name="Login_Test" time="0.000">
    <skipped/>
  </testcase> <!-- Login_Test -->
  <system-out/>
  <testcase classname="testng.Thread_Count_Example" name="Login_Test" time="0.000">
    <skipped/>
  </testcase> <!-- Login_Test -->
  <system-out/>
</testsuite> <!-- testng.Thread_Count_Example -->
