<?xml version="1.0" encoding="UTF-8"?>
<!-- Generated by org.testng.reporters.JUnitReportReporter -->
<testsuite hostname="khadija" failures="0" tests="5" name="test_case.TestNGExample" time="0.000" errors="0" timestamp="2023-06-15T14:55:52 IST" skipped="5">
  <testcase classname="test_case.TestNGExample" name="Method1" time="0.000">
    <skipped/>
  </testcase> <!-- Method1 -->
  <system-out/>
  <testcase classname="test_case.TestNGExample" name="Method2" time="0.000">
    <skipped/>
  </testcase> <!-- Method2 -->
  <system-out/>
  <testcase classname="test_case.TestNGExample" name="Dashboard" time="0.000">
    <skipped/>
  </testcase> <!-- Dashboard -->
  <system-out/>
  <testcase classname="test_case.TestNGExample" name="Method1" time="0.000">
    <skipped/>
  </testcase> <!-- Method1 -->
  <system-out/>
  <testcase classname="test_case.TestNGExample" name="Method1" time="0.000">
    <skipped/>
  </testcase> <!-- Method1 -->
  <system-out/>
</testsuite> <!-- test_case.TestNGExample -->
