<?xml version="1.0" encoding="UTF-8"?>
<!-- Generated by org.testng.reporters.JUnitReportReporter -->
<testsuite hostname="khadija" failures="0" tests="3" name="testng.DataProviderExample" time="0.008" errors="0" timestamp="2023-05-07T21:33:46 IST" skipped="0">
  <testcase classname="testng.DataProviderExample" name="displayData" time="0.001"/>
  <system-out/>
  <testcase classname="testng.DataProviderExample" name="displayData" time="0.001"/>
  <system-out/>
  <testcase classname="testng.DataProviderExample" name="displayData" time="0.006"/>
  <system-out/>
</testsuite> <!-- testng.DataProviderExample -->
