<?xml version="1.0" encoding="UTF-8"?>
<!-- Generated by org.testng.reporters.JUnitReportReporter -->
<testsuite hostname="khadija" failures="0" tests="1" name="stepdefs.Runner.CucumberRunnerTests" time="0.114" errors="0" timestamp="2023-05-11T09:07:51 IST" skipped="0">
  <testcase classname="stepdefs.Runner.CucumberRunnerTests" name="runScenario" time="0.114"/>
  <system-out/>
</testsuite> <!-- stepdefs.Runner.CucumberRunnerTests -->
