<?xml version="1.0" encoding="UTF-8"?>
<!-- Generated by org.testng.reporters.JUnitReportReporter -->
<testsuite hostname="khadija" failures="0" tests="5" name="testng.Depends_Group_TestNG_Example" time="0.024" errors="0" timestamp="2023-05-08T08:43:33 IST" skipped="0">
  <testcase classname="testng.Depends_Group_TestNG_Example" name="Login" time="0.003"/>
  <system-out/>
  <testcase classname="testng.Depends_Group_TestNG_Example" name="DeleteMail" time="0.005"/>
  <system-out/>
  <testcase classname="testng.Depends_Group_TestNG_Example" name="ReadMail" time="0.002"/>
  <system-out/>
  <testcase classname="testng.Depends_Group_TestNG_Example" name="ComposeMail" time="0.014"/>
  <system-out/>
  <testcase classname="testng.Depends_Group_TestNG_Example" name="FeedBacckMail" time="0.000"/>
  <system-out/>
</testsuite> <!-- testng.Depends_Group_TestNG_Example -->
