<?xml version="1.0" encoding="UTF-8"?>
<!-- Generated by org.testng.reporters.JUnitReportReporter -->
<testsuite hostname="khadija" failures="0" tests="5" name="testng.TestNG_Example" time="0.001" errors="0" timestamp="2023-06-15T14:55:52 IST" skipped="5">
  <testcase classname="testng.TestNG_Example" name="test" time="0.001">
    <skipped/>
  </testcase> <!-- test -->
  <system-out/>
  <testcase classname="testng.TestNG_Example" name="my_log" time="0.000">
    <skipped/>
  </testcase> <!-- my_log -->
  <system-out/>
  <testcase classname="testng.TestNG_Example" name="my_login" time="0.000">
    <skipped/>
  </testcase> <!-- my_login -->
  <system-out/>
  <testcase classname="testng.TestNG_Example" name="test1" time="0.000">
    <skipped/>
  </testcase> <!-- test1 -->
  <system-out/>
  <testcase classname="testng.TestNG_Example" name="test3" time="0.000">
    <skipped/>
  </testcase> <!-- test3 -->
  <system-out/>
</testsuite> <!-- testng.TestNG_Example -->
