<?xml version="1.0" encoding="UTF-8"?>
<!-- Generated by org.testng.reporters.JUnitReportReporter -->
<testsuite hostname="khadija" failures="0" tests="1" name="testng.OnLineRetailsApps" time="0.000" errors="0" timestamp="2023-06-15T14:55:52 IST" skipped="1">
  <testcase classname="testng.OnLineRetailsApps" name="login_test" time="0.000">
    <skipped/>
  </testcase> <!-- login_test -->
  <system-out/>
</testsuite> <!-- testng.OnLineRetailsApps -->
