<?xml version="1.0" encoding="UTF-8"?>
<!-- Generated by org.testng.reporters.JUnitReportReporter -->
<testsuite hostname="khadija" failures="0" tests="1" name="testng.DataParameterExample" time="0.008" errors="0" timestamp="2023-05-07T21:22:21 IST" skipped="0">
  <testcase classname="testng.DataParameterExample" name="getData" time="0.008"/>
  <system-out/>
</testsuite> <!-- testng.DataParameterExample -->
