<?xml version="1.0" encoding="UTF-8"?>
<!-- Generated by org.testng.reporters.JUnitReportReporter -->
<testsuite hostname="khadija" failures="0" tests="1" name="test_case.SimpleTestCase" time="10.115" errors="0" timestamp="2023-05-05T09:15:29 IST" skipped="0">
  <testcase classname="test_case.SimpleTestCase" name="testClcik" time="10.115"/>
  <system-out/>
</testsuite> <!-- test_case.SimpleTestCase -->
