<?xml version="1.0" encoding="UTF-8"?>
<!-- Generated by org.testng.reporters.JUnitReportReporter -->
<testsuite hostname="khadija" failures="0" tests="5" name="test_case.TestNGExample" time="0.039" errors="0" timestamp="2023-05-08T08:42:17 IST" skipped="0">
  <testcase classname="test_case.TestNGExample" name="Method2" time="0.006"/>
  <system-out/>
  <testcase classname="test_case.TestNGExample" name="Method1" time="0.008"/>
  <system-out/>
  <testcase classname="test_case.TestNGExample" name="Method1" time="0.011"/>
  <system-out/>
  <testcase classname="test_case.TestNGExample" name="Dashboard" time="0.008"/>
  <system-out/>
  <testcase classname="test_case.TestNGExample" name="Method1" time="0.006"/>
  <system-out/>
</testsuite> <!-- test_case.TestNGExample -->
