<?xml version="1.0" encoding="UTF-8"?>
<!-- Generated by org.testng.reporters.JUnitReportReporter -->
<testsuite hostname="khadija" failures="0" tests="5" name="test_case.TestNGExample" time="0.011" errors="0" timestamp="2023-04-07T09:38:53 IST" skipped="0">
  <testcase classname="test_case.TestNGExample" name="Method1" time="0.001"/>
  <system-out/>
  <testcase classname="test_case.TestNGExample" name="Method2" time="0.002"/>
  <system-out/>
  <testcase classname="test_case.TestNGExample" name="Dashboard" time="0.004"/>
  <system-out/>
  <testcase classname="test_case.TestNGExample" name="Method1" time="0.001"/>
  <system-out/>
  <testcase classname="test_case.TestNGExample" name="Method1" time="0.003"/>
  <system-out/>
</testsuite> <!-- test_case.TestNGExample -->
