<?xml version="1.0" encoding="UTF-8"?>
<!-- Generated by org.testng.reporters.JUnitReportReporter -->
<testsuite hostname="khadija" failures="0" tests="5" name="test_case.TestNGExample" time="0.016" errors="0" timestamp="2023-05-05T09:15:29 IST" skipped="0">
  <testcase classname="test_case.TestNGExample" name="Method1" time="0.003"/>
  <system-out/>
  <testcase classname="test_case.TestNGExample" name="Method1" time="0.004"/>
  <system-out/>
  <testcase classname="test_case.TestNGExample" name="Method1" time="0.002"/>
  <system-out/>
  <testcase classname="test_case.TestNGExample" name="Dashboard" time="0.004"/>
  <system-out/>
  <testcase classname="test_case.TestNGExample" name="Method2" time="0.003"/>
  <system-out/>
</testsuite> <!-- test_case.TestNGExample -->
