<?xml version="1.0" encoding="UTF-8"?>
<!-- Generated by org.testng.reporters.JUnitReportReporter -->
<testsuite hostname="khadija" failures="0" tests="1" name="testng.OnLineRetailsApps" time="0.003" errors="0" timestamp="2023-05-04T13:14:43 IST" skipped="0">
  <testcase classname="testng.OnLineRetailsApps" name="login_test" time="0.003"/>
  <system-out/>
</testsuite> <!-- testng.OnLineRetailsApps -->
