<?xml version="1.0" encoding="UTF-8"?>
<!-- Generated by org.testng.reporters.JUnitReportReporter -->
<testsuite hostname="khadija" failures="0" tests="3" name="testng.DataProiver_1" time="0.011" errors="0" timestamp="2023-05-07T21:35:45 IST" skipped="0">
  <testcase classname="testng.DataProiver_1" name="showValue" time="0.002"/>
  <system-out/>
  <testcase classname="testng.DataProiver_1" name="showValue" time="0.001"/>
  <system-out/>
  <testcase classname="testng.DataProiver_1" name="showValue" time="0.008"/>
  <system-out/>
</testsuite> <!-- testng.DataProiver_1 -->
