<?xml version="1.0" encoding="UTF-8"?>
<!-- Generated by org.testng.reporters.JUnitReportReporter -->
<testsuite hostname="khadija" failures="0" tests="1" name="testng.TestNG_Parameter_Example" time="0.011" errors="0" timestamp="2023-05-08T08:45:56 IST" skipped="0">
  <testcase classname="testng.TestNG_Parameter_Example" name="getData" time="0.011"/>
  <system-out/>
</testsuite> <!-- testng.TestNG_Parameter_Example -->
