<?xml version="1.0" encoding="UTF-8"?>
<!-- Generated by org.testng.reporters.JUnitReportReporter -->
<testsuite hostname="khadija" failures="0" tests="8" name="testng.DataProviderExample_01" time="0.012" errors="0" timestamp="2023-05-08T09:00:30 IST" skipped="0">
  <testcase classname="testng.DataProviderExample_01" name="multDataTest" time="0.001"/>
  <system-out/>
  <testcase classname="testng.DataProviderExample_01" name="multDataTest" time="0.001"/>
  <system-out/>
  <testcase classname="testng.DataProviderExample_01" name="getData" time="0.001"/>
  <system-out/>
  <testcase classname="testng.DataProviderExample_01" name="getData" time="0.007"/>
  <system-out/>
  <testcase classname="testng.DataProviderExample_01" name="getData" time="0.000"/>
  <system-out/>
  <testcase classname="testng.DataProviderExample_01" name="multDataTest" time="0.001"/>
  <system-out/>
  <testcase classname="testng.DataProviderExample_01" name="multDataTest" time="0.001"/>
  <system-out/>
  <testcase classname="testng.DataProviderExample_01" name="getData" time="0.000"/>
  <system-out/>
</testsuite> <!-- testng.DataProviderExample_01 -->
