<?xml version="1.0" encoding="UTF-8"?>
<!-- Generated by org.testng.reporters.JUnitReportReporter -->
<testsuite hostname="khadija" failures="0" tests="2" name="testng.TestNG_Example_Annotations" time="0.005" errors="0" timestamp="2023-05-04T12:39:08 IST" skipped="0">
  <testcase classname="testng.TestNG_Example_Annotations" name="test1" time="0.001"/>
  <system-out/>
  <testcase classname="testng.TestNG_Example_Annotations" name="test" time="0.004"/>
  <system-out/>
</testsuite> <!-- testng.TestNG_Example_Annotations -->
