<?xml version="1.0" encoding="UTF-8"?>
<!-- Generated by org.testng.reporters.JUnitReportReporter -->
<testsuite hostname="khadija" failures="0" tests="4" name="testng.AccessTestDataFromDifferentClass" time="0.007" errors="0" timestamp="2023-05-08T09:04:37 IST" skipped="0">
  <testcase classname="testng.AccessTestDataFromDifferentClass" name="testAge" time="0.001"/>
  <system-out/>
  <testcase classname="testng.AccessTestDataFromDifferentClass" name="testAge" time="0.001"/>
  <system-out/>
  <testcase classname="testng.AccessTestDataFromDifferentClass" name="testAge" time="0.000"/>
  <system-out/>
  <testcase classname="testng.AccessTestDataFromDifferentClass" name="testAge" time="0.005"/>
  <system-out/>
</testsuite> <!-- testng.AccessTestDataFromDifferentClass -->
