<?xml version="1.0" encoding="UTF-8"?>
<!-- Generated by org.testng.reporters.JUnitReportReporter -->
<testsuite hostname="khadija" failures="0" tests="3" name="testng.DataProviderExample" time="0.002" errors="0" timestamp="2023-05-08T08:43:33 IST" skipped="0">
  <testcase classname="testng.DataProviderExample" name="displayData" time="0.000"/>
  <system-out/>
  <testcase classname="testng.DataProviderExample" name="displayData" time="0.002"/>
  <system-out/>
  <testcase classname="testng.DataProviderExample" name="displayData" time="0.000"/>
  <system-out/>
</testsuite> <!-- testng.DataProviderExample -->
