<?xml version="1.0" encoding="UTF-8"?>
<!-- Generated by org.testng.reporters.JUnitReportReporter -->
<testsuite hostname="khadija" failures="0" tests="6" name="testng.Thread_Count_Example" time="0.011" errors="0" timestamp="2023-05-08T08:43:33 IST" skipped="1">
  <testcase classname="testng.Thread_Count_Example" name="Login_Test" time="0.002"/>
  <system-out/>
  <testcase classname="testng.Thread_Count_Example" name="Login_Test_Not_run" time="0.003">
    <skipped/>
  </testcase> <!-- Login_Test_Not_run -->
  <system-out/>
  <testcase classname="testng.Thread_Count_Example" name="Login_Test" time="0.003"/>
  <system-out/>
  <testcase classname="testng.Thread_Count_Example" name="Login_Test" time="0.000"/>
  <system-out/>
  <testcase classname="testng.Thread_Count_Example" name="Login_Test" time="0.002"/>
  <system-out/>
  <testcase classname="testng.Thread_Count_Example" name="Login_Test" time="0.001"/>
  <system-out/>
</testsuite> <!-- testng.Thread_Count_Example -->
