<?xml version="1.0" encoding="UTF-8"?>
<!-- Generated by org.testng.reporters.JUnitReportReporter -->
<testsuite hostname="khadija" failures="0" tests="2" name="testng.TestNG_Example_Annotations" time="0.000" errors="0" timestamp="2023-06-15T14:55:52 IST" skipped="2">
  <testcase classname="testng.TestNG_Example_Annotations" name="test1" time="0.000">
    <skipped/>
  </testcase> <!-- test1 -->
  <system-out/>
  <testcase classname="testng.TestNG_Example_Annotations" name="test" time="0.000">
    <skipped/>
  </testcase> <!-- test -->
  <system-out/>
</testsuite> <!-- testng.TestNG_Example_Annotations -->
