<?xml version="1.0" encoding="UTF-8"?>
<!-- Generated by org.testng.reporters.JUnitReportReporter -->
<testsuite hostname="khadija" failures="0" tests="2" name="runners.MyRunner" time="0.046" errors="0" timestamp="2023-06-15T16:15:41 IST" skipped="0">
  <testcase classname="runners.MyRunner" name="runScenario" time="0.042"/>
  <system-out/>
  <testcase classname="runners.MyRunner" name="runScenario" time="0.004"/>
  <system-out/>
</testsuite> <!-- runners.MyRunner -->
